2018-11-02 11:22:34,890 SupermarketWeb [main] INFO  com.hd.supermarket.Application - Starting Application on DESKTOP-BT5OE0L with PID 16376 (D:\java_workspace\idea_workspace\SupermarketWeb\target\classes started by AOC in D:\java_workspace\idea_workspace\SupermarketWeb)
2018-11-02 11:22:34,906 SupermarketWeb [main] INFO  com.hd.supermarket.Application - No active profile set, falling back to default profiles: default
2018-11-02 11:22:36,209 SupermarketWeb [main] WARN  t.m.s.mapper.ClassPathMapperScanner - No MyBatis mapper was found in '[com.hd.supermarket]' package. Please check your configuration.
2018-11-02 11:22:36,239 SupermarketWeb [main] WARN  o.m.s.mapper.ClassPathMapperScanner - No MyBatis mapper was found in '[com.hd.supermarket]' package. Please check your configuration.
2018-11-02 11:22:37,304 SupermarketWeb [main] INFO  o.s.b.w.e.tomcat.TomcatWebServer - Tomcat initialized with port(s): 5050 (http)
2018-11-02 11:22:37,318 SupermarketWeb [main] INFO  o.a.coyote.http11.Http11NioProtocol - Initializing ProtocolHandler ["http-nio-5050"]
2018-11-02 11:22:37,329 SupermarketWeb [main] INFO  o.a.catalina.core.StandardService - Starting service [Tomcat]
2018-11-02 11:22:37,330 SupermarketWeb [main] INFO  o.a.catalina.core.StandardEngine - Starting Servlet Engine: Apache Tomcat/9.0.12
2018-11-02 11:22:37,340 SupermarketWeb [main] INFO  o.a.c.core.AprLifecycleListener - The APR based Apache Tomcat Native library which allows optimal performance in production environments was not found on the java.library.path: [D:\Program Files\Java\jdk1.8.0_171\bin;C:\WINDOWS\Sun\Java\bin;C:\WINDOWS\system32;C:\WINDOWS;D:\Program Files\Python\Python37\Scripts\;D:\Program Files\Python\Python37\;C:\Program Files (x86)\Common Files\Oracle\Java\javapath;C:\WINDOWS\system32;C:\WINDOWS;C:\WINDOWS\System32\Wbem;C:\WINDOWS\System32\WindowsPowerShell\v1.0\;C:\Program Files\nodejs\;C:\Program Files (x86)\SQL Anywhere 11\bin64;C:\Program Files (x86)\SQL Anywhere 11\bin32;C:\Program Files (x86)\Sybase\Shared\PowerBuilder;C:\Program Files (x86)\Sybase\PowerBuilder 11.5;C:\WINDOWS\Microsoft.NET\Framework\v2.0.50727;D:\Program Files\TortoiseSVN\bin;D:\Program Files\Git\cmd;D:\cygwin64\bin;D:\MinGW\bin;C:\Users\AOC\AppData\Local\Microsoft\WindowsApps;;D:\Visual Studio Code\Microsoft VS Code\bin;C:\Users\AOC\AppData\Roaming\npm;.]
2018-11-02 11:22:37,489 SupermarketWeb [main] INFO  o.a.c.c.C.[Tomcat].[localhost].[/] - Initializing Spring embedded WebApplicationContext
2018-11-02 11:22:37,490 SupermarketWeb [main] INFO  o.s.web.context.ContextLoader - Root WebApplicationContext: initialization completed in 2393 ms
2018-11-02 11:22:37,544 SupermarketWeb [main] INFO  o.s.b.w.s.ServletRegistrationBean - Servlet dispatcherServlet mapped to [/]
2018-11-02 11:22:37,550 SupermarketWeb [main] INFO  o.s.b.w.s.FilterRegistrationBean - Mapping filter: 'characterEncodingFilter' to: [/*]
2018-11-02 11:22:37,550 SupermarketWeb [main] INFO  o.s.b.w.s.FilterRegistrationBean - Mapping filter: 'hiddenHttpMethodFilter' to: [/*]
2018-11-02 11:22:37,551 SupermarketWeb [main] INFO  o.s.b.w.s.FilterRegistrationBean - Mapping filter: 'formContentFilter' to: [/*]
2018-11-02 11:22:37,551 SupermarketWeb [main] INFO  o.s.b.w.s.FilterRegistrationBean - Mapping filter: 'requestContextFilter' to: [/*]
2018-11-02 11:22:37,551 SupermarketWeb [main] INFO  o.s.b.w.s.FilterRegistrationBean - Mapping filter: 'crossDomainFilter' to: [/*]
2018-11-02 11:22:38,313 SupermarketWeb [main] INFO  o.s.s.c.ThreadPoolTaskExecutor - Initializing ExecutorService 'applicationTaskExecutor'
2018-11-02 11:22:38,770 SupermarketWeb [main] INFO  o.a.coyote.http11.Http11NioProtocol - Starting ProtocolHandler ["http-nio-5050"]
2018-11-02 11:22:38,783 SupermarketWeb [main] INFO  o.a.tomcat.util.net.NioSelectorPool - Using a shared selector for servlet write/read
2018-11-02 11:22:38,810 SupermarketWeb [main] INFO  o.s.b.w.e.tomcat.TomcatWebServer - Tomcat started on port(s): 5050 (http) with context path ''
2018-11-02 11:22:38,817 SupermarketWeb [main] INFO  com.hd.supermarket.Application - Started Application in 4.599 seconds (JVM running for 5.176)
2018-11-02 11:24:25,701 SupermarketWeb [http-nio-5050-exec-1] INFO  o.a.c.c.C.[Tomcat].[localhost].[/] - Initializing Spring DispatcherServlet 'dispatcherServlet'
2018-11-02 11:24:25,704 SupermarketWeb [http-nio-5050-exec-1] INFO  o.s.web.servlet.DispatcherServlet - Initializing Servlet 'dispatcherServlet'
2018-11-02 11:24:25,755 SupermarketWeb [http-nio-5050-exec-1] INFO  o.s.web.servlet.DispatcherServlet - Completed initialization in 50 ms
2018-11-02 11:24:25,948 SupermarketWeb [http-nio-5050-exec-1] INFO  com.zaxxer.hikari.HikariDataSource - DatebookHikariCP - Starting...
2018-11-02 11:24:25,952 SupermarketWeb [http-nio-5050-exec-1] WARN  c.z.hikari.util.DriverDataSource - Registered driver with driverClassName=com.mysql.jdbc.Driver was not found, trying direct instantiation.
2018-11-02 11:24:26,166 SupermarketWeb [http-nio-5050-exec-1] INFO  com.zaxxer.hikari.HikariDataSource - DatebookHikariCP - Start completed.
2018-11-02 11:26:39,613 SupermarketWeb [INFO ] [main] com.hd.supermarket.Application - Starting Application on DESKTOP-BT5OE0L with PID 12588 (D:\java_workspace\idea_workspace\SupermarketWeb\target\classes started by AOC in D:\java_workspace\idea_workspace\SupermarketWeb)
2018-11-02 11:26:39,619 SupermarketWeb [INFO ] [main] com.hd.supermarket.Application - No active profile set, falling back to default profiles: default
2018-11-02 11:26:40,988 SupermarketWeb [WARN ] [main] t.m.s.mapper.ClassPathMapperScanner - No MyBatis mapper was found in '[com.hd.supermarket]' package. Please check your configuration.
2018-11-02 11:26:41,001 SupermarketWeb [WARN ] [main] o.m.s.mapper.ClassPathMapperScanner - No MyBatis mapper was found in '[com.hd.supermarket]' package. Please check your configuration.
2018-11-02 11:26:41,951 SupermarketWeb [INFO ] [main] o.s.b.w.e.tomcat.TomcatWebServer - Tomcat initialized with port(s): 5050 (http)
2018-11-02 11:26:41,963 SupermarketWeb [INFO ] [main] o.a.coyote.http11.Http11NioProtocol - Initializing ProtocolHandler ["http-nio-5050"]
2018-11-02 11:26:41,970 SupermarketWeb [INFO ] [main] o.a.catalina.core.StandardService - Starting service [Tomcat]
2018-11-02 11:26:41,971 SupermarketWeb [INFO ] [main] o.a.catalina.core.StandardEngine - Starting Servlet Engine: Apache Tomcat/9.0.12
2018-11-02 11:26:41,995 SupermarketWeb [INFO ] [main] o.a.c.core.AprLifecycleListener - The APR based Apache Tomcat Native library which allows optimal performance in production environments was not found on the java.library.path: [D:\Program Files\Java\jdk1.8.0_171\bin;C:\WINDOWS\Sun\Java\bin;C:\WINDOWS\system32;C:\WINDOWS;D:\Program Files\Python\Python37\Scripts\;D:\Program Files\Python\Python37\;C:\Program Files (x86)\Common Files\Oracle\Java\javapath;C:\WINDOWS\system32;C:\WINDOWS;C:\WINDOWS\System32\Wbem;C:\WINDOWS\System32\WindowsPowerShell\v1.0\;C:\Program Files\nodejs\;C:\Program Files (x86)\SQL Anywhere 11\bin64;C:\Program Files (x86)\SQL Anywhere 11\bin32;C:\Program Files (x86)\Sybase\Shared\PowerBuilder;C:\Program Files (x86)\Sybase\PowerBuilder 11.5;C:\WINDOWS\Microsoft.NET\Framework\v2.0.50727;D:\Program Files\TortoiseSVN\bin;D:\Program Files\Git\cmd;D:\cygwin64\bin;D:\MinGW\bin;C:\Users\AOC\AppData\Local\Microsoft\WindowsApps;;D:\Visual Studio Code\Microsoft VS Code\bin;C:\Users\AOC\AppData\Roaming\npm;.]
2018-11-02 11:26:42,119 SupermarketWeb [INFO ] [main] o.a.c.c.C.[Tomcat].[localhost].[/] - Initializing Spring embedded WebApplicationContext
2018-11-02 11:26:42,120 SupermarketWeb [INFO ] [main] o.s.web.context.ContextLoader - Root WebApplicationContext: initialization completed in 2365 ms
2018-11-02 11:26:42,165 SupermarketWeb [INFO ] [main] o.s.b.w.s.ServletRegistrationBean - Servlet dispatcherServlet mapped to [/]
2018-11-02 11:26:42,170 SupermarketWeb [INFO ] [main] o.s.b.w.s.FilterRegistrationBean - Mapping filter: 'characterEncodingFilter' to: [/*]
2018-11-02 11:26:42,170 SupermarketWeb [INFO ] [main] o.s.b.w.s.FilterRegistrationBean - Mapping filter: 'hiddenHttpMethodFilter' to: [/*]
2018-11-02 11:26:42,170 SupermarketWeb [INFO ] [main] o.s.b.w.s.FilterRegistrationBean - Mapping filter: 'formContentFilter' to: [/*]
2018-11-02 11:26:42,170 SupermarketWeb [INFO ] [main] o.s.b.w.s.FilterRegistrationBean - Mapping filter: 'requestContextFilter' to: [/*]
2018-11-02 11:26:42,171 SupermarketWeb [INFO ] [main] o.s.b.w.s.FilterRegistrationBean - Mapping filter: 'crossDomainFilter' to: [/*]
2018-11-02 11:26:42,990 SupermarketWeb [INFO ] [main] o.s.s.c.ThreadPoolTaskExecutor - Initializing ExecutorService 'applicationTaskExecutor'
2018-11-02 11:26:43,372 SupermarketWeb [INFO ] [main] o.a.coyote.http11.Http11NioProtocol - Starting ProtocolHandler ["http-nio-5050"]
2018-11-02 11:26:43,390 SupermarketWeb [INFO ] [main] o.a.tomcat.util.net.NioSelectorPool - Using a shared selector for servlet write/read
2018-11-02 11:26:43,417 SupermarketWeb [INFO ] [main] o.s.b.w.e.tomcat.TomcatWebServer - Tomcat started on port(s): 5050 (http) with context path ''
2018-11-02 11:26:43,422 SupermarketWeb [INFO ] [main] com.hd.supermarket.Application - Started Application in 4.42 seconds (JVM running for 5.098)
2018-11-02 14:01:41,914 SupermarketWeb [INFO ] [main] com.hd.supermarket.Application - Starting Application on DESKTOP-BT5OE0L with PID 7396 (D:\java_workspace\idea_workspace\SupermarketWeb\target\classes started by AOC in D:\java_workspace\idea_workspace\SupermarketWeb)
2018-11-02 14:01:41,920 SupermarketWeb [INFO ] [main] com.hd.supermarket.Application - No active profile set, falling back to default profiles: default
2018-11-02 14:01:43,066 SupermarketWeb [WARN ] [main] t.m.s.mapper.ClassPathMapperScanner - No MyBatis mapper was found in '[com.hd.supermarket]' package. Please check your configuration.
2018-11-02 14:01:43,089 SupermarketWeb [WARN ] [main] o.m.s.mapper.ClassPathMapperScanner - No MyBatis mapper was found in '[com.hd.supermarket]' package. Please check your configuration.
2018-11-02 14:01:44,365 SupermarketWeb [INFO ] [main] o.s.b.w.e.tomcat.TomcatWebServer - Tomcat initialized with port(s): 5050 (http)
2018-11-02 14:01:44,384 SupermarketWeb [INFO ] [main] o.a.coyote.http11.Http11NioProtocol - Initializing ProtocolHandler ["http-nio-5050"]
2018-11-02 14:01:44,392 SupermarketWeb [INFO ] [main] o.a.catalina.core.StandardService - Starting service [Tomcat]
2018-11-02 14:01:44,393 SupermarketWeb [INFO ] [main] o.a.catalina.core.StandardEngine - Starting Servlet Engine: Apache Tomcat/9.0.12
2018-11-02 14:01:44,405 SupermarketWeb [INFO ] [main] o.a.c.core.AprLifecycleListener - The APR based Apache Tomcat Native library which allows optimal performance in production environments was not found on the java.library.path: [D:\Program Files\Java\jdk1.8.0_171\bin;C:\WINDOWS\Sun\Java\bin;C:\WINDOWS\system32;C:\WINDOWS;D:\Program Files\Python\Python37\Scripts\;D:\Program Files\Python\Python37\;C:\Program Files (x86)\Common Files\Oracle\Java\javapath;C:\WINDOWS\system32;C:\WINDOWS;C:\WINDOWS\System32\Wbem;C:\WINDOWS\System32\WindowsPowerShell\v1.0\;C:\Program Files\nodejs\;C:\Program Files (x86)\SQL Anywhere 11\bin64;C:\Program Files (x86)\SQL Anywhere 11\bin32;C:\Program Files (x86)\Sybase\Shared\PowerBuilder;C:\Program Files (x86)\Sybase\PowerBuilder 11.5;C:\WINDOWS\Microsoft.NET\Framework\v2.0.50727;D:\Program Files\TortoiseSVN\bin;D:\Program Files\Git\cmd;D:\cygwin64\bin;D:\MinGW\bin;C:\Users\AOC\AppData\Local\Microsoft\WindowsApps;;D:\Visual Studio Code\Microsoft VS Code\bin;C:\Users\AOC\AppData\Roaming\npm;.]
2018-11-02 14:01:44,632 SupermarketWeb [INFO ] [main] o.a.c.c.C.[Tomcat].[localhost].[/] - Initializing Spring embedded WebApplicationContext
2018-11-02 14:01:44,632 SupermarketWeb [INFO ] [main] o.s.web.context.ContextLoader - Root WebApplicationContext: initialization completed in 2569 ms
2018-11-02 14:01:44,693 SupermarketWeb [INFO ] [main] o.s.b.w.s.ServletRegistrationBean - Servlet dispatcherServlet mapped to [/]
2018-11-02 14:01:44,699 SupermarketWeb [INFO ] [main] o.s.b.w.s.FilterRegistrationBean - Mapping filter: 'characterEncodingFilter' to: [/*]
2018-11-02 14:01:44,700 SupermarketWeb [INFO ] [main] o.s.b.w.s.FilterRegistrationBean - Mapping filter: 'hiddenHttpMethodFilter' to: [/*]
2018-11-02 14:01:44,700 SupermarketWeb [INFO ] [main] o.s.b.w.s.FilterRegistrationBean - Mapping filter: 'formContentFilter' to: [/*]
2018-11-02 14:01:44,701 SupermarketWeb [INFO ] [main] o.s.b.w.s.FilterRegistrationBean - Mapping filter: 'requestContextFilter' to: [/*]
2018-11-02 14:01:44,701 SupermarketWeb [INFO ] [main] o.s.b.w.s.FilterRegistrationBean - Mapping filter: 'crossDomainFilter' to: [/*]
2018-11-02 14:01:45,575 SupermarketWeb [INFO ] [main] o.s.s.c.ThreadPoolTaskExecutor - Initializing ExecutorService 'applicationTaskExecutor'
2018-11-02 14:01:45,949 SupermarketWeb [INFO ] [main] o.a.coyote.http11.Http11NioProtocol - Starting ProtocolHandler ["http-nio-5050"]
2018-11-02 14:01:45,960 SupermarketWeb [INFO ] [main] o.a.tomcat.util.net.NioSelectorPool - Using a shared selector for servlet write/read
2018-11-02 14:01:45,981 SupermarketWeb [INFO ] [main] o.s.b.w.e.tomcat.TomcatWebServer - Tomcat started on port(s): 5050 (http) with context path ''
2018-11-02 14:01:45,985 SupermarketWeb [INFO ] [main] com.hd.supermarket.Application - Started Application in 5.172 seconds (JVM running for 6.001)
2018-11-02 14:02:29,651 SupermarketWeb [INFO ] [http-nio-5050-exec-2] o.a.c.c.C.[Tomcat].[localhost].[/] - Initializing Spring DispatcherServlet 'dispatcherServlet'
2018-11-02 14:02:29,651 SupermarketWeb [INFO ] [http-nio-5050-exec-2] o.s.web.servlet.DispatcherServlet - Initializing Servlet 'dispatcherServlet'
2018-11-02 14:02:29,665 SupermarketWeb [INFO ] [http-nio-5050-exec-2] o.s.web.servlet.DispatcherServlet - Completed initialization in 14 ms
2018-11-02 14:02:29,760 SupermarketWeb [INFO ] [http-nio-5050-exec-2] com.zaxxer.hikari.HikariDataSource - DatebookHikariCP - Starting...
2018-11-02 14:02:29,765 SupermarketWeb [WARN ] [http-nio-5050-exec-2] c.z.hikari.util.DriverDataSource - Registered driver with driverClassName=com.mysql.jdbc.Driver was not found, trying direct instantiation.
2018-11-02 14:02:29,985 SupermarketWeb [INFO ] [http-nio-5050-exec-2] com.zaxxer.hikari.HikariDataSource - DatebookHikariCP - Start completed.
2018-11-02 14:10:38,844 SupermarketWeb [INFO ] [main] com.hd.supermarket.Application - Starting Application on DESKTOP-BT5OE0L with PID 8024 (D:\java_workspace\idea_workspace\SupermarketWeb\target\classes started by AOC in D:\java_workspace\idea_workspace\SupermarketWeb)
2018-11-02 14:10:38,850 SupermarketWeb [INFO ] [main] com.hd.supermarket.Application - No active profile set, falling back to default profiles: default
2018-11-02 14:10:40,203 SupermarketWeb [WARN ] [main] t.m.s.mapper.ClassPathMapperScanner - No MyBatis mapper was found in '[com.hd.supermarket]' package. Please check your configuration.
2018-11-02 14:10:40,216 SupermarketWeb [WARN ] [main] o.m.s.mapper.ClassPathMapperScanner - No MyBatis mapper was found in '[com.hd.supermarket]' package. Please check your configuration.
2018-11-02 14:10:41,190 SupermarketWeb [INFO ] [main] o.s.b.w.e.tomcat.TomcatWebServer - Tomcat initialized with port(s): 5050 (http)
2018-11-02 14:10:41,214 SupermarketWeb [INFO ] [main] o.a.coyote.http11.Http11NioProtocol - Initializing ProtocolHandler ["http-nio-5050"]
2018-11-02 14:10:41,224 SupermarketWeb [INFO ] [main] o.a.catalina.core.StandardService - Starting service [Tomcat]
2018-11-02 14:10:41,224 SupermarketWeb [INFO ] [main] o.a.catalina.core.StandardEngine - Starting Servlet Engine: Apache Tomcat/9.0.12
2018-11-02 14:10:41,235 SupermarketWeb [INFO ] [main] o.a.c.core.AprLifecycleListener - The APR based Apache Tomcat Native library which allows optimal performance in production environments was not found on the java.library.path: [D:\Program Files\Java\jdk1.8.0_171\bin;C:\WINDOWS\Sun\Java\bin;C:\WINDOWS\system32;C:\WINDOWS;D:\Program Files\Python\Python37\Scripts\;D:\Program Files\Python\Python37\;C:\Program Files (x86)\Common Files\Oracle\Java\javapath;C:\WINDOWS\system32;C:\WINDOWS;C:\WINDOWS\System32\Wbem;C:\WINDOWS\System32\WindowsPowerShell\v1.0\;C:\Program Files\nodejs\;C:\Program Files (x86)\SQL Anywhere 11\bin64;C:\Program Files (x86)\SQL Anywhere 11\bin32;C:\Program Files (x86)\Sybase\Shared\PowerBuilder;C:\Program Files (x86)\Sybase\PowerBuilder 11.5;C:\WINDOWS\Microsoft.NET\Framework\v2.0.50727;D:\Program Files\TortoiseSVN\bin;D:\Program Files\Git\cmd;D:\cygwin64\bin;D:\MinGW\bin;C:\Users\AOC\AppData\Local\Microsoft\WindowsApps;;D:\Visual Studio Code\Microsoft VS Code\bin;C:\Users\AOC\AppData\Roaming\npm;.]
2018-11-02 14:10:41,366 SupermarketWeb [INFO ] [main] o.a.c.c.C.[Tomcat].[localhost].[/] - Initializing Spring embedded WebApplicationContext
2018-11-02 14:10:41,366 SupermarketWeb [INFO ] [main] o.s.web.context.ContextLoader - Root WebApplicationContext: initialization completed in 2356 ms
2018-11-02 14:10:41,402 SupermarketWeb [INFO ] [main] o.s.b.w.s.ServletRegistrationBean - Servlet dispatcherServlet mapped to [/]
2018-11-02 14:10:41,409 SupermarketWeb [INFO ] [main] o.s.b.w.s.FilterRegistrationBean - Mapping filter: 'characterEncodingFilter' to: [/*]
2018-11-02 14:10:41,410 SupermarketWeb [INFO ] [main] o.s.b.w.s.FilterRegistrationBean - Mapping filter: 'hiddenHttpMethodFilter' to: [/*]
2018-11-02 14:10:41,410 SupermarketWeb [INFO ] [main] o.s.b.w.s.FilterRegistrationBean - Mapping filter: 'formContentFilter' to: [/*]
2018-11-02 14:10:41,410 SupermarketWeb [INFO ] [main] o.s.b.w.s.FilterRegistrationBean - Mapping filter: 'requestContextFilter' to: [/*]
2018-11-02 14:10:41,410 SupermarketWeb [INFO ] [main] o.s.b.w.s.FilterRegistrationBean - Mapping filter: 'crossDomainFilter' to: [/*]
2018-11-02 14:10:42,191 SupermarketWeb [INFO ] [main] o.s.s.c.ThreadPoolTaskExecutor - Initializing ExecutorService 'applicationTaskExecutor'
2018-11-02 14:10:42,568 SupermarketWeb [INFO ] [main] o.a.coyote.http11.Http11NioProtocol - Starting ProtocolHandler ["http-nio-5050"]
2018-11-02 14:10:42,581 SupermarketWeb [INFO ] [main] o.a.tomcat.util.net.NioSelectorPool - Using a shared selector for servlet write/read
2018-11-02 14:10:42,608 SupermarketWeb [INFO ] [main] o.s.b.w.e.tomcat.TomcatWebServer - Tomcat started on port(s): 5050 (http) with context path ''
2018-11-02 14:10:42,612 SupermarketWeb [INFO ] [main] com.hd.supermarket.Application - Started Application in 4.361 seconds (JVM running for 4.962)
2018-11-02 14:12:00,354 SupermarketWeb [INFO ] [main] com.hd.supermarket.Application - Starting Application on DESKTOP-BT5OE0L with PID 19696 (D:\java_workspace\idea_workspace\SupermarketWeb\target\classes started by AOC in D:\java_workspace\idea_workspace\SupermarketWeb)
2018-11-02 14:12:00,360 SupermarketWeb [INFO ] [main] com.hd.supermarket.Application - No active profile set, falling back to default profiles: default
2018-11-02 14:12:01,737 SupermarketWeb [WARN ] [main] t.m.s.mapper.ClassPathMapperScanner - No MyBatis mapper was found in '[com.hd.supermarket]' package. Please check your configuration.
2018-11-02 14:12:01,757 SupermarketWeb [WARN ] [main] o.m.s.mapper.ClassPathMapperScanner - No MyBatis mapper was found in '[com.hd.supermarket]' package. Please check your configuration.
2018-11-02 14:12:02,900 SupermarketWeb [INFO ] [main] o.s.b.w.e.tomcat.TomcatWebServer - Tomcat initialized with port(s): 5050 (http)
2018-11-02 14:12:02,934 SupermarketWeb [INFO ] [main] o.a.coyote.http11.Http11NioProtocol - Initializing ProtocolHandler ["http-nio-5050"]
2018-11-02 14:12:02,944 SupermarketWeb [INFO ] [main] o.a.catalina.core.StandardService - Starting service [Tomcat]
2018-11-02 14:12:02,944 SupermarketWeb [INFO ] [main] o.a.catalina.core.StandardEngine - Starting Servlet Engine: Apache Tomcat/9.0.12
2018-11-02 14:12:02,958 SupermarketWeb [INFO ] [main] o.a.c.core.AprLifecycleListener - The APR based Apache Tomcat Native library which allows optimal performance in production environments was not found on the java.library.path: [D:\Program Files\Java\jdk1.8.0_171\bin;C:\WINDOWS\Sun\Java\bin;C:\WINDOWS\system32;C:\WINDOWS;D:\Program Files\Python\Python37\Scripts\;D:\Program Files\Python\Python37\;C:\Program Files (x86)\Common Files\Oracle\Java\javapath;C:\WINDOWS\system32;C:\WINDOWS;C:\WINDOWS\System32\Wbem;C:\WINDOWS\System32\WindowsPowerShell\v1.0\;C:\Program Files\nodejs\;C:\Program Files (x86)\SQL Anywhere 11\bin64;C:\Program Files (x86)\SQL Anywhere 11\bin32;C:\Program Files (x86)\Sybase\Shared\PowerBuilder;C:\Program Files (x86)\Sybase\PowerBuilder 11.5;C:\WINDOWS\Microsoft.NET\Framework\v2.0.50727;D:\Program Files\TortoiseSVN\bin;D:\Program Files\Git\cmd;D:\cygwin64\bin;D:\MinGW\bin;C:\Users\AOC\AppData\Local\Microsoft\WindowsApps;;D:\Visual Studio Code\Microsoft VS Code\bin;C:\Users\AOC\AppData\Roaming\npm;.]
2018-11-02 14:12:03,129 SupermarketWeb [INFO ] [main] o.a.c.c.C.[Tomcat].[localhost].[/] - Initializing Spring embedded WebApplicationContext
2018-11-02 14:12:03,130 SupermarketWeb [INFO ] [main] o.s.web.context.ContextLoader - Root WebApplicationContext: initialization completed in 2592 ms
2018-11-02 14:12:03,185 SupermarketWeb [INFO ] [main] o.s.b.w.s.ServletRegistrationBean - Servlet dispatcherServlet mapped to [/]
2018-11-02 14:12:03,202 SupermarketWeb [INFO ] [main] o.s.b.w.s.FilterRegistrationBean - Mapping filter: 'characterEncodingFilter' to: [/*]
2018-11-02 14:12:03,203 SupermarketWeb [INFO ] [main] o.s.b.w.s.FilterRegistrationBean - Mapping filter: 'hiddenHttpMethodFilter' to: [/*]
2018-11-02 14:12:03,203 SupermarketWeb [INFO ] [main] o.s.b.w.s.FilterRegistrationBean - Mapping filter: 'formContentFilter' to: [/*]
2018-11-02 14:12:03,203 SupermarketWeb [INFO ] [main] o.s.b.w.s.FilterRegistrationBean - Mapping filter: 'requestContextFilter' to: [/*]
2018-11-02 14:12:03,203 SupermarketWeb [INFO ] [main] o.s.b.w.s.FilterRegistrationBean - Mapping filter: 'crossDomainFilter' to: [/*]
2018-11-02 14:12:04,158 SupermarketWeb [INFO ] [main] o.s.s.c.ThreadPoolTaskExecutor - Initializing ExecutorService 'applicationTaskExecutor'
2018-11-02 14:12:04,668 SupermarketWeb [INFO ] [main] o.a.coyote.http11.Http11NioProtocol - Starting ProtocolHandler ["http-nio-5050"]
2018-11-02 14:12:04,681 SupermarketWeb [INFO ] [main] o.a.tomcat.util.net.NioSelectorPool - Using a shared selector for servlet write/read
2018-11-02 14:12:04,703 SupermarketWeb [INFO ] [main] o.s.b.w.e.tomcat.TomcatWebServer - Tomcat started on port(s): 5050 (http) with context path ''
2018-11-02 14:12:04,707 SupermarketWeb [INFO ] [main] com.hd.supermarket.Application - Started Application in 5.067 seconds (JVM running for 5.902)
2018-11-02 14:12:16,870 SupermarketWeb [INFO ] [http-nio-5050-exec-2] o.a.c.c.C.[Tomcat].[localhost].[/] - Initializing Spring DispatcherServlet 'dispatcherServlet'
2018-11-02 14:12:16,870 SupermarketWeb [INFO ] [http-nio-5050-exec-2] o.s.web.servlet.DispatcherServlet - Initializing Servlet 'dispatcherServlet'
2018-11-02 14:12:16,881 SupermarketWeb [INFO ] [http-nio-5050-exec-2] o.s.web.servlet.DispatcherServlet - Completed initialization in 11 ms
2018-11-02 14:12:17,013 SupermarketWeb [INFO ] [http-nio-5050-exec-2] com.zaxxer.hikari.HikariDataSource - DatebookHikariCP - Starting...
2018-11-02 14:12:17,018 SupermarketWeb [WARN ] [http-nio-5050-exec-2] c.z.hikari.util.DriverDataSource - Registered driver with driverClassName=com.mysql.jdbc.Driver was not found, trying direct instantiation.
2018-11-02 14:12:17,217 SupermarketWeb [INFO ] [http-nio-5050-exec-2] com.zaxxer.hikari.HikariDataSource - DatebookHikariCP - Start completed.
2018-11-02 14:12:51,532 SupermarketWeb [INFO ] [main] com.hd.supermarket.Application - Starting Application on DESKTOP-BT5OE0L with PID 16872 (D:\java_workspace\idea_workspace\SupermarketWeb\target\classes started by AOC in D:\java_workspace\idea_workspace\SupermarketWeb)
2018-11-02 14:12:51,540 SupermarketWeb [INFO ] [main] com.hd.supermarket.Application - No active profile set, falling back to default profiles: default
2018-11-02 14:12:52,875 SupermarketWeb [WARN ] [main] t.m.s.mapper.ClassPathMapperScanner - No MyBatis mapper was found in '[com.hd.supermarket]' package. Please check your configuration.
2018-11-02 14:12:52,886 SupermarketWeb [WARN ] [main] o.m.s.mapper.ClassPathMapperScanner - No MyBatis mapper was found in '[com.hd.supermarket]' package. Please check your configuration.
2018-11-02 14:12:53,822 SupermarketWeb [INFO ] [main] o.s.b.w.e.tomcat.TomcatWebServer - Tomcat initialized with port(s): 5050 (http)
2018-11-02 14:12:53,836 SupermarketWeb [INFO ] [main] o.a.coyote.http11.Http11NioProtocol - Initializing ProtocolHandler ["http-nio-5050"]
2018-11-02 14:12:53,844 SupermarketWeb [INFO ] [main] o.a.catalina.core.StandardService - Starting service [Tomcat]
2018-11-02 14:12:53,845 SupermarketWeb [INFO ] [main] o.a.catalina.core.StandardEngine - Starting Servlet Engine: Apache Tomcat/9.0.12
2018-11-02 14:12:53,866 SupermarketWeb [INFO ] [main] o.a.c.core.AprLifecycleListener - The APR based Apache Tomcat Native library which allows optimal performance in production environments was not found on the java.library.path: [D:\Program Files\Java\jdk1.8.0_171\bin;C:\WINDOWS\Sun\Java\bin;C:\WINDOWS\system32;C:\WINDOWS;D:\Program Files\Python\Python37\Scripts\;D:\Program Files\Python\Python37\;C:\Program Files (x86)\Common Files\Oracle\Java\javapath;C:\WINDOWS\system32;C:\WINDOWS;C:\WINDOWS\System32\Wbem;C:\WINDOWS\System32\WindowsPowerShell\v1.0\;C:\Program Files\nodejs\;C:\Program Files (x86)\SQL Anywhere 11\bin64;C:\Program Files (x86)\SQL Anywhere 11\bin32;C:\Program Files (x86)\Sybase\Shared\PowerBuilder;C:\Program Files (x86)\Sybase\PowerBuilder 11.5;C:\WINDOWS\Microsoft.NET\Framework\v2.0.50727;D:\Program Files\TortoiseSVN\bin;D:\Program Files\Git\cmd;D:\cygwin64\bin;D:\MinGW\bin;C:\Users\AOC\AppData\Local\Microsoft\WindowsApps;;D:\Visual Studio Code\Microsoft VS Code\bin;C:\Users\AOC\AppData\Roaming\npm;.]
2018-11-02 14:12:54,005 SupermarketWeb [INFO ] [main] o.a.c.c.C.[Tomcat].[localhost].[/] - Initializing Spring embedded WebApplicationContext
2018-11-02 14:12:54,005 SupermarketWeb [INFO ] [main] o.s.web.context.ContextLoader - Root WebApplicationContext: initialization completed in 2286 ms
2018-11-02 14:12:54,052 SupermarketWeb [INFO ] [main] o.s.b.w.s.ServletRegistrationBean - Servlet dispatcherServlet mapped to [/]
2018-11-02 14:12:54,069 SupermarketWeb [INFO ] [main] o.s.b.w.s.FilterRegistrationBean - Mapping filter: 'characterEncodingFilter' to: [/*]
2018-11-02 14:12:54,069 SupermarketWeb [INFO ] [main] o.s.b.w.s.FilterRegistrationBean - Mapping filter: 'hiddenHttpMethodFilter' to: [/*]
2018-11-02 14:12:54,070 SupermarketWeb [INFO ] [main] o.s.b.w.s.FilterRegistrationBean - Mapping filter: 'formContentFilter' to: [/*]
2018-11-02 14:12:54,070 SupermarketWeb [INFO ] [main] o.s.b.w.s.FilterRegistrationBean - Mapping filter: 'requestContextFilter' to: [/*]
2018-11-02 14:12:54,070 SupermarketWeb [INFO ] [main] o.s.b.w.s.FilterRegistrationBean - Mapping filter: 'crossDomainFilter' to: [/*]
2018-11-02 14:12:54,882 SupermarketWeb [INFO ] [main] o.s.s.c.ThreadPoolTaskExecutor - Initializing ExecutorService 'applicationTaskExecutor'
2018-11-02 14:12:55,298 SupermarketWeb [INFO ] [main] o.a.coyote.http11.Http11NioProtocol - Starting ProtocolHandler ["http-nio-5050"]
2018-11-02 14:12:55,312 SupermarketWeb [INFO ] [main] o.a.tomcat.util.net.NioSelectorPool - Using a shared selector for servlet write/read
2018-11-02 14:12:55,341 SupermarketWeb [INFO ] [main] o.s.b.w.e.tomcat.TomcatWebServer - Tomcat started on port(s): 5050 (http) with context path ''
2018-11-02 14:12:55,346 SupermarketWeb [INFO ] [main] com.hd.supermarket.Application - Started Application in 4.464 seconds (JVM running for 5.031)
2018-11-02 14:12:57,905 SupermarketWeb [INFO ] [http-nio-5050-exec-1] o.a.c.c.C.[Tomcat].[localhost].[/] - Initializing Spring DispatcherServlet 'dispatcherServlet'
2018-11-02 14:12:57,906 SupermarketWeb [INFO ] [http-nio-5050-exec-1] o.s.web.servlet.DispatcherServlet - Initializing Servlet 'dispatcherServlet'
2018-11-02 14:12:57,927 SupermarketWeb [INFO ] [http-nio-5050-exec-1] o.s.web.servlet.DispatcherServlet - Completed initialization in 21 ms
2018-11-02 14:12:58,110 SupermarketWeb [INFO ] [http-nio-5050-exec-1] com.zaxxer.hikari.HikariDataSource - DatebookHikariCP - Starting...
2018-11-02 14:12:58,115 SupermarketWeb [WARN ] [http-nio-5050-exec-1] c.z.hikari.util.DriverDataSource - Registered driver with driverClassName=com.mysql.jdbc.Driver was not found, trying direct instantiation.
2018-11-02 14:12:58,380 SupermarketWeb [INFO ] [http-nio-5050-exec-1] com.zaxxer.hikari.HikariDataSource - DatebookHikariCP - Start completed.
2018-11-02 14:14:18,506 SupermarketWeb [INFO ] [main] com.hd.supermarket.Application - Starting Application on DESKTOP-BT5OE0L with PID 12316 (D:\java_workspace\idea_workspace\SupermarketWeb\target\classes started by AOC in D:\java_workspace\idea_workspace\SupermarketWeb)
2018-11-02 14:14:18,609 SupermarketWeb [INFO ] [main] com.hd.supermarket.Application - No active profile set, falling back to default profiles: default
2018-11-02 14:14:19,972 SupermarketWeb [WARN ] [main] t.m.s.mapper.ClassPathMapperScanner - No MyBatis mapper was found in '[com.hd.supermarket]' package. Please check your configuration.
2018-11-02 14:14:19,986 SupermarketWeb [WARN ] [main] o.m.s.mapper.ClassPathMapperScanner - No MyBatis mapper was found in '[com.hd.supermarket]' package. Please check your configuration.
2018-11-02 14:14:21,174 SupermarketWeb [INFO ] [main] o.s.b.w.e.tomcat.TomcatWebServer - Tomcat initialized with port(s): 5050 (http)
2018-11-02 14:14:21,189 SupermarketWeb [INFO ] [main] o.a.coyote.http11.Http11NioProtocol - Initializing ProtocolHandler ["http-nio-5050"]
2018-11-02 14:14:21,211 SupermarketWeb [INFO ] [main] o.a.catalina.core.StandardService - Starting service [Tomcat]
2018-11-02 14:14:21,212 SupermarketWeb [INFO ] [main] o.a.catalina.core.StandardEngine - Starting Servlet Engine: Apache Tomcat/9.0.12
2018-11-02 14:14:21,229 SupermarketWeb [INFO ] [main] o.a.c.core.AprLifecycleListener - The APR based Apache Tomcat Native library which allows optimal performance in production environments was not found on the java.library.path: [D:\Program Files\Java\jdk1.8.0_171\bin;C:\WINDOWS\Sun\Java\bin;C:\WINDOWS\system32;C:\WINDOWS;D:\Program Files\Python\Python37\Scripts\;D:\Program Files\Python\Python37\;C:\Program Files (x86)\Common Files\Oracle\Java\javapath;C:\WINDOWS\system32;C:\WINDOWS;C:\WINDOWS\System32\Wbem;C:\WINDOWS\System32\WindowsPowerShell\v1.0\;C:\Program Files\nodejs\;C:\Program Files (x86)\SQL Anywhere 11\bin64;C:\Program Files (x86)\SQL Anywhere 11\bin32;C:\Program Files (x86)\Sybase\Shared\PowerBuilder;C:\Program Files (x86)\Sybase\PowerBuilder 11.5;C:\WINDOWS\Microsoft.NET\Framework\v2.0.50727;D:\Program Files\TortoiseSVN\bin;D:\Program Files\Git\cmd;D:\cygwin64\bin;D:\MinGW\bin;C:\Users\AOC\AppData\Local\Microsoft\WindowsApps;;D:\Visual Studio Code\Microsoft VS Code\bin;C:\Users\AOC\AppData\Roaming\npm;.]
2018-11-02 14:14:21,376 SupermarketWeb [INFO ] [main] o.a.c.c.C.[Tomcat].[localhost].[/] - Initializing Spring embedded WebApplicationContext
2018-11-02 14:14:21,376 SupermarketWeb [INFO ] [main] o.s.web.context.ContextLoader - Root WebApplicationContext: initialization completed in 2583 ms
2018-11-02 14:14:21,419 SupermarketWeb [INFO ] [main] o.s.b.w.s.ServletRegistrationBean - Servlet dispatcherServlet mapped to [/]
2018-11-02 14:14:21,436 SupermarketWeb [INFO ] [main] o.s.b.w.s.FilterRegistrationBean - Mapping filter: 'characterEncodingFilter' to: [/*]
2018-11-02 14:14:21,437 SupermarketWeb [INFO ] [main] o.s.b.w.s.FilterRegistrationBean - Mapping filter: 'hiddenHttpMethodFilter' to: [/*]
2018-11-02 14:14:21,437 SupermarketWeb [INFO ] [main] o.s.b.w.s.FilterRegistrationBean - Mapping filter: 'formContentFilter' to: [/*]
2018-11-02 14:14:21,437 SupermarketWeb [INFO ] [main] o.s.b.w.s.FilterRegistrationBean - Mapping filter: 'requestContextFilter' to: [/*]
2018-11-02 14:14:21,437 SupermarketWeb [INFO ] [main] o.s.b.w.s.FilterRegistrationBean - Mapping filter: 'crossDomainFilter' to: [/*]
2018-11-02 14:14:22,198 SupermarketWeb [INFO ] [main] o.s.s.c.ThreadPoolTaskExecutor - Initializing ExecutorService 'applicationTaskExecutor'
2018-11-02 14:14:22,573 SupermarketWeb [INFO ] [main] o.a.coyote.http11.Http11NioProtocol - Starting ProtocolHandler ["http-nio-5050"]
2018-11-02 14:14:22,585 SupermarketWeb [INFO ] [main] o.a.tomcat.util.net.NioSelectorPool - Using a shared selector for servlet write/read
2018-11-02 14:14:22,607 SupermarketWeb [INFO ] [main] o.s.b.w.e.tomcat.TomcatWebServer - Tomcat started on port(s): 5050 (http) with context path ''
2018-11-02 14:14:22,611 SupermarketWeb [INFO ] [main] com.hd.supermarket.Application - Started Application in 4.855 seconds (JVM running for 5.492)
2018-11-02 14:14:24,158 SupermarketWeb [INFO ] [http-nio-5050-exec-1] o.a.c.c.C.[Tomcat].[localhost].[/] - Initializing Spring DispatcherServlet 'dispatcherServlet'
2018-11-02 14:14:24,158 SupermarketWeb [INFO ] [http-nio-5050-exec-1] o.s.web.servlet.DispatcherServlet - Initializing Servlet 'dispatcherServlet'
2018-11-02 14:14:24,169 SupermarketWeb [INFO ] [http-nio-5050-exec-1] o.s.web.servlet.DispatcherServlet - Completed initialization in 11 ms
2018-11-02 14:14:24,298 SupermarketWeb [INFO ] [http-nio-5050-exec-1] com.zaxxer.hikari.HikariDataSource - DatebookHikariCP - Starting...
2018-11-02 14:14:24,302 SupermarketWeb [WARN ] [http-nio-5050-exec-1] c.z.hikari.util.DriverDataSource - Registered driver with driverClassName=com.mysql.jdbc.Driver was not found, trying direct instantiation.
2018-11-02 14:14:24,473 SupermarketWeb [INFO ] [http-nio-5050-exec-1] com.zaxxer.hikari.HikariDataSource - DatebookHikariCP - Start completed.
2018-11-02 14:20:03,928 SupermarketWeb [INFO ] [main] com.hd.supermarket.Application - Starting Application on DESKTOP-BT5OE0L with PID 20100 (D:\java_workspace\idea_workspace\SupermarketWeb\target\classes started by AOC in D:\java_workspace\idea_workspace\SupermarketWeb)
2018-11-02 14:20:03,933 SupermarketWeb [INFO ] [main] com.hd.supermarket.Application - No active profile set, falling back to default profiles: default
2018-11-02 14:20:05,214 SupermarketWeb [WARN ] [main] t.m.s.mapper.ClassPathMapperScanner - No MyBatis mapper was found in '[com.hd.supermarket]' package. Please check your configuration.
2018-11-02 14:20:05,229 SupermarketWeb [WARN ] [main] o.m.s.mapper.ClassPathMapperScanner - No MyBatis mapper was found in '[com.hd.supermarket]' package. Please check your configuration.
2018-11-02 14:20:06,116 SupermarketWeb [INFO ] [main] o.s.b.w.e.tomcat.TomcatWebServer - Tomcat initialized with port(s): 5050 (http)
2018-11-02 14:20:06,142 SupermarketWeb [INFO ] [main] o.a.coyote.http11.Http11NioProtocol - Initializing ProtocolHandler ["http-nio-5050"]
2018-11-02 14:20:06,152 SupermarketWeb [INFO ] [main] o.a.catalina.core.StandardService - Starting service [Tomcat]
2018-11-02 14:20:06,152 SupermarketWeb [INFO ] [main] o.a.catalina.core.StandardEngine - Starting Servlet Engine: Apache Tomcat/9.0.12
2018-11-02 14:20:06,164 SupermarketWeb [INFO ] [main] o.a.c.core.AprLifecycleListener - The APR based Apache Tomcat Native library which allows optimal performance in production environments was not found on the java.library.path: [D:\Program Files\Java\jdk1.8.0_171\bin;C:\WINDOWS\Sun\Java\bin;C:\WINDOWS\system32;C:\WINDOWS;D:\Program Files\Python\Python37\Scripts\;D:\Program Files\Python\Python37\;C:\Program Files (x86)\Common Files\Oracle\Java\javapath;C:\WINDOWS\system32;C:\WINDOWS;C:\WINDOWS\System32\Wbem;C:\WINDOWS\System32\WindowsPowerShell\v1.0\;C:\Program Files\nodejs\;C:\Program Files (x86)\SQL Anywhere 11\bin64;C:\Program Files (x86)\SQL Anywhere 11\bin32;C:\Program Files (x86)\Sybase\Shared\PowerBuilder;C:\Program Files (x86)\Sybase\PowerBuilder 11.5;C:\WINDOWS\Microsoft.NET\Framework\v2.0.50727;D:\Program Files\TortoiseSVN\bin;D:\Program Files\Git\cmd;D:\cygwin64\bin;D:\MinGW\bin;C:\Users\AOC\AppData\Local\Microsoft\WindowsApps;;D:\Visual Studio Code\Microsoft VS Code\bin;C:\Users\AOC\AppData\Roaming\npm;.]
2018-11-02 14:20:06,295 SupermarketWeb [INFO ] [main] o.a.c.c.C.[Tomcat].[localhost].[/] - Initializing Spring embedded WebApplicationContext
2018-11-02 14:20:06,296 SupermarketWeb [INFO ] [main] o.s.web.context.ContextLoader - Root WebApplicationContext: initialization completed in 2188 ms
2018-11-02 14:20:06,342 SupermarketWeb [INFO ] [main] o.s.b.w.s.ServletRegistrationBean - Servlet dispatcherServlet mapped to [/]
2018-11-02 14:20:06,358 SupermarketWeb [INFO ] [main] o.s.b.w.s.FilterRegistrationBean - Mapping filter: 'characterEncodingFilter' to: [/*]
2018-11-02 14:20:06,359 SupermarketWeb [INFO ] [main] o.s.b.w.s.FilterRegistrationBean - Mapping filter: 'hiddenHttpMethodFilter' to: [/*]
2018-11-02 14:20:06,359 SupermarketWeb [INFO ] [main] o.s.b.w.s.FilterRegistrationBean - Mapping filter: 'formContentFilter' to: [/*]
2018-11-02 14:20:06,359 SupermarketWeb [INFO ] [main] o.s.b.w.s.FilterRegistrationBean - Mapping filter: 'requestContextFilter' to: [/*]
2018-11-02 14:20:06,359 SupermarketWeb [INFO ] [main] o.s.b.w.s.FilterRegistrationBean - Mapping filter: 'crossDomainFilter' to: [/*]
2018-11-02 14:20:07,147 SupermarketWeb [INFO ] [main] o.s.s.c.ThreadPoolTaskExecutor - Initializing ExecutorService 'applicationTaskExecutor'
2018-11-02 14:20:07,558 SupermarketWeb [INFO ] [main] o.a.coyote.http11.Http11NioProtocol - Starting ProtocolHandler ["http-nio-5050"]
2018-11-02 14:20:07,572 SupermarketWeb [INFO ] [main] o.a.tomcat.util.net.NioSelectorPool - Using a shared selector for servlet write/read
2018-11-02 14:20:07,598 SupermarketWeb [INFO ] [main] o.s.b.w.e.tomcat.TomcatWebServer - Tomcat started on port(s): 5050 (http) with context path ''
2018-11-02 14:20:07,603 SupermarketWeb [INFO ] [main] com.hd.supermarket.Application - Started Application in 4.338 seconds (JVM running for 4.934)
2018-11-02 14:20:11,552 SupermarketWeb [INFO ] [http-nio-5050-exec-2] o.a.c.c.C.[Tomcat].[localhost].[/] - Initializing Spring DispatcherServlet 'dispatcherServlet'
2018-11-02 14:20:11,552 SupermarketWeb [INFO ] [http-nio-5050-exec-2] o.s.web.servlet.DispatcherServlet - Initializing Servlet 'dispatcherServlet'
2018-11-02 14:20:11,562 SupermarketWeb [INFO ] [http-nio-5050-exec-2] o.s.web.servlet.DispatcherServlet - Completed initialization in 10 ms
2018-11-02 14:20:31,389 SupermarketWeb [INFO ] [main] com.hd.supermarket.Application - Starting Application on DESKTOP-BT5OE0L with PID 11964 (D:\java_workspace\idea_workspace\SupermarketWeb\target\classes started by AOC in D:\java_workspace\idea_workspace\SupermarketWeb)
2018-11-02 14:20:31,394 SupermarketWeb [INFO ] [main] com.hd.supermarket.Application - No active profile set, falling back to default profiles: default
2018-11-02 14:20:32,634 SupermarketWeb [WARN ] [main] t.m.s.mapper.ClassPathMapperScanner - No MyBatis mapper was found in '[com.hd.supermarket]' package. Please check your configuration.
2018-11-02 14:20:32,662 SupermarketWeb [WARN ] [main] o.m.s.mapper.ClassPathMapperScanner - No MyBatis mapper was found in '[com.hd.supermarket]' package. Please check your configuration.
2018-11-02 14:20:33,579 SupermarketWeb [INFO ] [main] o.s.b.w.e.tomcat.TomcatWebServer - Tomcat initialized with port(s): 5050 (http)
2018-11-02 14:20:33,592 SupermarketWeb [INFO ] [main] o.a.coyote.http11.Http11NioProtocol - Initializing ProtocolHandler ["http-nio-5050"]
2018-11-02 14:20:33,601 SupermarketWeb [INFO ] [main] o.a.catalina.core.StandardService - Starting service [Tomcat]
2018-11-02 14:20:33,601 SupermarketWeb [INFO ] [main] o.a.catalina.core.StandardEngine - Starting Servlet Engine: Apache Tomcat/9.0.12
2018-11-02 14:20:33,613 SupermarketWeb [INFO ] [main] o.a.c.core.AprLifecycleListener - The APR based Apache Tomcat Native library which allows optimal performance in production environments was not found on the java.library.path: [D:\Program Files\Java\jdk1.8.0_171\bin;C:\WINDOWS\Sun\Java\bin;C:\WINDOWS\system32;C:\WINDOWS;D:\Program Files\Python\Python37\Scripts\;D:\Program Files\Python\Python37\;C:\Program Files (x86)\Common Files\Oracle\Java\javapath;C:\WINDOWS\system32;C:\WINDOWS;C:\WINDOWS\System32\Wbem;C:\WINDOWS\System32\WindowsPowerShell\v1.0\;C:\Program Files\nodejs\;C:\Program Files (x86)\SQL Anywhere 11\bin64;C:\Program Files (x86)\SQL Anywhere 11\bin32;C:\Program Files (x86)\Sybase\Shared\PowerBuilder;C:\Program Files (x86)\Sybase\PowerBuilder 11.5;C:\WINDOWS\Microsoft.NET\Framework\v2.0.50727;D:\Program Files\TortoiseSVN\bin;D:\Program Files\Git\cmd;D:\cygwin64\bin;D:\MinGW\bin;C:\Users\AOC\AppData\Local\Microsoft\WindowsApps;;D:\Visual Studio Code\Microsoft VS Code\bin;C:\Users\AOC\AppData\Roaming\npm;.]
2018-11-02 14:20:33,763 SupermarketWeb [INFO ] [main] o.a.c.c.C.[Tomcat].[localhost].[/] - Initializing Spring embedded WebApplicationContext
2018-11-02 14:20:33,763 SupermarketWeb [INFO ] [main] o.s.web.context.ContextLoader - Root WebApplicationContext: initialization completed in 2191 ms
2018-11-02 14:20:33,815 SupermarketWeb [INFO ] [main] o.s.b.w.s.ServletRegistrationBean - Servlet dispatcherServlet mapped to [/]
2018-11-02 14:20:33,822 SupermarketWeb [INFO ] [main] o.s.b.w.s.FilterRegistrationBean - Mapping filter: 'characterEncodingFilter' to: [/*]
2018-11-02 14:20:33,823 SupermarketWeb [INFO ] [main] o.s.b.w.s.FilterRegistrationBean - Mapping filter: 'hiddenHttpMethodFilter' to: [/*]
2018-11-02 14:20:33,823 SupermarketWeb [INFO ] [main] o.s.b.w.s.FilterRegistrationBean - Mapping filter: 'formContentFilter' to: [/*]
2018-11-02 14:20:33,823 SupermarketWeb [INFO ] [main] o.s.b.w.s.FilterRegistrationBean - Mapping filter: 'requestContextFilter' to: [/*]
2018-11-02 14:20:33,823 SupermarketWeb [INFO ] [main] o.s.b.w.s.FilterRegistrationBean - Mapping filter: 'crossDomainFilter' to: [/*]
2018-11-02 14:20:34,643 SupermarketWeb [INFO ] [main] o.s.s.c.ThreadPoolTaskExecutor - Initializing ExecutorService 'applicationTaskExecutor'
2018-11-02 14:20:35,045 SupermarketWeb [INFO ] [main] o.a.coyote.http11.Http11NioProtocol - Starting ProtocolHandler ["http-nio-5050"]
2018-11-02 14:20:35,056 SupermarketWeb [INFO ] [main] o.a.tomcat.util.net.NioSelectorPool - Using a shared selector for servlet write/read
2018-11-02 14:20:35,081 SupermarketWeb [INFO ] [main] o.s.b.w.e.tomcat.TomcatWebServer - Tomcat started on port(s): 5050 (http) with context path ''
2018-11-02 14:20:35,085 SupermarketWeb [INFO ] [main] com.hd.supermarket.Application - Started Application in 4.416 seconds (JVM running for 5.027)
2018-11-02 14:20:39,051 SupermarketWeb [INFO ] [http-nio-5050-exec-1] o.a.c.c.C.[Tomcat].[localhost].[/] - Initializing Spring DispatcherServlet 'dispatcherServlet'
2018-11-02 14:20:39,051 SupermarketWeb [INFO ] [http-nio-5050-exec-1] o.s.web.servlet.DispatcherServlet - Initializing Servlet 'dispatcherServlet'
2018-11-02 14:20:39,063 SupermarketWeb [INFO ] [http-nio-5050-exec-1] o.s.web.servlet.DispatcherServlet - Completed initialization in 12 ms
2018-11-02 14:20:39,220 SupermarketWeb [INFO ] [http-nio-5050-exec-1] com.zaxxer.hikari.HikariDataSource - DatebookHikariCP - Starting...
2018-11-02 14:20:39,223 SupermarketWeb [WARN ] [http-nio-5050-exec-1] c.z.hikari.util.DriverDataSource - Registered driver with driverClassName=com.mysql.jdbc.Driver was not found, trying direct instantiation.
2018-11-02 14:20:39,412 SupermarketWeb [INFO ] [http-nio-5050-exec-1] com.zaxxer.hikari.HikariDataSource - DatebookHikariCP - Start completed.
2018-11-02 14:21:51,706 SupermarketWeb [INFO ] [main] com.hd.supermarket.Application - Starting Application on DESKTOP-BT5OE0L with PID 5792 (D:\java_workspace\idea_workspace\SupermarketWeb\target\classes started by AOC in D:\java_workspace\idea_workspace\SupermarketWeb)
2018-11-02 14:21:51,713 SupermarketWeb [INFO ] [main] com.hd.supermarket.Application - No active profile set, falling back to default profiles: default
2018-11-02 14:21:53,138 SupermarketWeb [WARN ] [main] t.m.s.mapper.ClassPathMapperScanner - No MyBatis mapper was found in '[com.hd.supermarket]' package. Please check your configuration.
2018-11-02 14:21:53,152 SupermarketWeb [WARN ] [main] o.m.s.mapper.ClassPathMapperScanner - No MyBatis mapper was found in '[com.hd.supermarket]' package. Please check your configuration.
2018-11-02 14:21:54,185 SupermarketWeb [INFO ] [main] o.s.b.w.e.tomcat.TomcatWebServer - Tomcat initialized with port(s): 5050 (http)
2018-11-02 14:21:54,199 SupermarketWeb [INFO ] [main] o.a.coyote.http11.Http11NioProtocol - Initializing ProtocolHandler ["http-nio-5050"]
2018-11-02 14:21:54,205 SupermarketWeb [INFO ] [main] o.a.catalina.core.StandardService - Starting service [Tomcat]
2018-11-02 14:21:54,205 SupermarketWeb [INFO ] [main] o.a.catalina.core.StandardEngine - Starting Servlet Engine: Apache Tomcat/9.0.12
2018-11-02 14:21:54,215 SupermarketWeb [INFO ] [main] o.a.c.core.AprLifecycleListener - The APR based Apache Tomcat Native library which allows optimal performance in production environments was not found on the java.library.path: [D:\Program Files\Java\jdk1.8.0_171\bin;C:\WINDOWS\Sun\Java\bin;C:\WINDOWS\system32;C:\WINDOWS;D:\Program Files\Python\Python37\Scripts\;D:\Program Files\Python\Python37\;C:\Program Files (x86)\Common Files\Oracle\Java\javapath;C:\WINDOWS\system32;C:\WINDOWS;C:\WINDOWS\System32\Wbem;C:\WINDOWS\System32\WindowsPowerShell\v1.0\;C:\Program Files\nodejs\;C:\Program Files (x86)\SQL Anywhere 11\bin64;C:\Program Files (x86)\SQL Anywhere 11\bin32;C:\Program Files (x86)\Sybase\Shared\PowerBuilder;C:\Program Files (x86)\Sybase\PowerBuilder 11.5;C:\WINDOWS\Microsoft.NET\Framework\v2.0.50727;D:\Program Files\TortoiseSVN\bin;D:\Program Files\Git\cmd;D:\cygwin64\bin;D:\MinGW\bin;C:\Users\AOC\AppData\Local\Microsoft\WindowsApps;;D:\Visual Studio Code\Microsoft VS Code\bin;C:\Users\AOC\AppData\Roaming\npm;.]
2018-11-02 14:21:54,327 SupermarketWeb [INFO ] [main] o.a.c.c.C.[Tomcat].[localhost].[/] - Initializing Spring embedded WebApplicationContext
2018-11-02 14:21:54,328 SupermarketWeb [INFO ] [main] o.s.web.context.ContextLoader - Root WebApplicationContext: initialization completed in 2474 ms
2018-11-02 14:21:54,360 SupermarketWeb [INFO ] [main] o.s.b.w.s.ServletRegistrationBean - Servlet dispatcherServlet mapped to [/]
2018-11-02 14:21:54,368 SupermarketWeb [INFO ] [main] o.s.b.w.s.FilterRegistrationBean - Mapping filter: 'characterEncodingFilter' to: [/*]
2018-11-02 14:21:54,369 SupermarketWeb [INFO ] [main] o.s.b.w.s.FilterRegistrationBean - Mapping filter: 'hiddenHttpMethodFilter' to: [/*]
2018-11-02 14:21:54,369 SupermarketWeb [INFO ] [main] o.s.b.w.s.FilterRegistrationBean - Mapping filter: 'formContentFilter' to: [/*]
2018-11-02 14:21:54,369 SupermarketWeb [INFO ] [main] o.s.b.w.s.FilterRegistrationBean - Mapping filter: 'requestContextFilter' to: [/*]
2018-11-02 14:21:54,369 SupermarketWeb [INFO ] [main] o.s.b.w.s.FilterRegistrationBean - Mapping filter: 'crossDomainFilter' to: [/*]
2018-11-02 14:21:55,176 SupermarketWeb [INFO ] [main] o.s.s.c.ThreadPoolTaskExecutor - Initializing ExecutorService 'applicationTaskExecutor'
2018-11-02 14:21:55,551 SupermarketWeb [INFO ] [main] o.a.coyote.http11.Http11NioProtocol - Starting ProtocolHandler ["http-nio-5050"]
2018-11-02 14:21:55,564 SupermarketWeb [INFO ] [main] o.a.tomcat.util.net.NioSelectorPool - Using a shared selector for servlet write/read
2018-11-02 14:21:55,589 SupermarketWeb [INFO ] [main] o.s.b.w.e.tomcat.TomcatWebServer - Tomcat started on port(s): 5050 (http) with context path ''
2018-11-02 14:21:55,593 SupermarketWeb [INFO ] [main] com.hd.supermarket.Application - Started Application in 4.496 seconds (JVM running for 5.091)
2018-11-02 14:21:58,043 SupermarketWeb [INFO ] [http-nio-5050-exec-2] o.a.c.c.C.[Tomcat].[localhost].[/] - Initializing Spring DispatcherServlet 'dispatcherServlet'
2018-11-02 14:21:58,043 SupermarketWeb [INFO ] [http-nio-5050-exec-2] o.s.web.servlet.DispatcherServlet - Initializing Servlet 'dispatcherServlet'
2018-11-02 14:21:58,057 SupermarketWeb [INFO ] [http-nio-5050-exec-2] o.s.web.servlet.DispatcherServlet - Completed initialization in 14 ms
2018-11-02 14:21:58,272 SupermarketWeb [INFO ] [http-nio-5050-exec-2] com.zaxxer.hikari.HikariDataSource - DatebookHikariCP - Starting...
2018-11-02 14:21:58,275 SupermarketWeb [WARN ] [http-nio-5050-exec-2] c.z.hikari.util.DriverDataSource - Registered driver with driverClassName=com.mysql.jdbc.Driver was not found, trying direct instantiation.
2018-11-02 14:21:58,455 SupermarketWeb [INFO ] [http-nio-5050-exec-2] com.zaxxer.hikari.HikariDataSource - DatebookHikariCP - Start completed.
